2018-05-05 22:54:42,299 [1] INFO  Anker.WeiXin.MP.CoreDynamicShow.Startup [(null)] - Startup
2018-05-05 23:32:15,925 [1] INFO  Anker.WeiXin.MP.CoreDynamicShow.Startup [(null)] - Startup
2018-05-06 12:22:09,021 [1] INFO  Anker.WeiXin.MP.CoreDynamicShow.Startup [(null)] - Startup
2018-05-06 12:33:10,137 [1] INFO  Anker.WeiXin.MP.CoreDynamicShow.Startup [(null)] - Startup
2018-05-07 10:53:08,617 [1] INFO  Anker.WeiXin.MP.CoreDynamicShow.Startup [(null)] - Startup
2018-05-07 11:09:32,018 [1] INFO  Anker.WeiXin.MP.CoreDynamicShow.Startup [(null)] - Startup
2018-05-07 11:29:30,251 [1] INFO  Anker.WeiXin.MP.CoreDynamicShow.Startup [(null)] - Startup
2018-05-07 11:31:10,581 [1] INFO  Anker.WeiXin.MP.CoreDynamicShow.Startup [(null)] - Startup
2018-05-07 11:35:36,772 [1] INFO  Anker.WeiXin.MP.CoreDynamicShow.Startup [(null)] - Startup
2018-05-07 11:42:55,337 [1] INFO  Anker.WeiXin.MP.CoreDynamicShow.Startup [(null)] - Startup
2018-05-07 12:31:01,244 [1] INFO  Anker.WeiXin.MP.CoreDynamicShow.Startup [(null)] - Startup
2018-05-07 12:32:01,190 [1] INFO  Anker.WeiXin.MP.CoreDynamicShow.Startup [(null)] - Startup
2018-05-07 12:35:25,269 [1] INFO  Anker.WeiXin.MP.CoreDynamicShow.Startup [(null)] - Startup
2018-05-07 12:52:24,848 [1] INFO  Anker.WeiXin.MP.CoreDynamicShow.Startup [(null)] - Startup
2018-05-07 12:56:07,164 [1] INFO  Anker.WeiXin.MP.CoreDynamicShow.Startup [(null)] - Startup
2018-05-07 12:56:28,295 [1] INFO  Anker.WeiXin.MP.CoreDynamicShow.Startup [(null)] - Startup
2018-05-07 12:59:12,574 [1] INFO  Anker.WeiXin.MP.CoreDynamicShow.Startup [(null)] - Startup
2018-05-07 13:03:45,121 [1] INFO  Anker.WeiXin.MP.CoreDynamicShow.Startup [(null)] - Startup
2018-05-07 13:05:49,463 [1] INFO  Anker.WeiXin.MP.CoreDynamicShow.Startup [(null)] - Startup
2018-05-07 13:21:36,141 [1] INFO  Anker.WeiXin.MP.CoreDynamicShow.Startup [(null)] - Startup
2018-05-07 13:25:08,863 [1] INFO  Anker.WeiXin.MP.CoreDynamicShow.Startup [(null)] - Startup
2018-05-07 14:55:50,062 [1] INFO  Anker.WeiXin.MP.CoreDynamicShow.Startup [(null)] - Startup
2018-05-07 14:56:35,606 [1] INFO  Anker.WeiXin.MP.CoreDynamicShow.Startup [(null)] - Startup
2018-05-07 14:56:54,643 [1] INFO  Anker.WeiXin.MP.CoreDynamicShow.Startup [(null)] - Startup
2018-05-07 14:58:29,355 [1] INFO  Anker.WeiXin.MP.CoreDynamicShow.Startup [(null)] - Startup
2018-05-07 14:59:58,576 [1] INFO  Anker.WeiXin.MP.CoreDynamicShow.Startup [(null)] - Startup
2018-05-07 15:00:33,798 [1] INFO  Anker.WeiXin.MP.CoreDynamicShow.Startup [(null)] - Startup
2018-05-07 15:01:45,177 [1] INFO  Anker.WeiXin.MP.CoreDynamicShow.Startup [(null)] - Startup
2018-05-07 15:05:36,901 [1] INFO  Anker.WeiXin.MP.CoreDynamicShow.Startup [(null)] - Startup
2018-05-07 15:20:51,109 [1] INFO  Anker.WeiXin.MP.CoreDynamicShow.Startup [(null)] - Startup
2018-05-07 15:25:43,480 [1] INFO  Anker.WeiXin.MP.CoreDynamicShow.Startup [(null)] - Startup
2018-05-07 15:38:04,158 [1] INFO  Anker.WeiXin.MP.CoreDynamicShow.Startup [(null)] - Startup
2018-05-07 15:52:30,024 [1] INFO  Anker.WeiXin.MP.CoreDynamicShow.Startup [(null)] - Startup
2018-05-07 15:55:36,344 [1] INFO  Anker.WeiXin.MP.CoreDynamicShow.Startup [(null)] - Startup
2018-05-07 16:13:32,857 [1] INFO  Anker.WeiXin.MP.CoreDynamicShow.Startup [(null)] - Startup
2018-05-07 16:14:33,539 [1] INFO  Anker.WeiXin.MP.CoreDynamicShow.Startup [(null)] - Startup
2018-05-07 16:35:56,895 [1] INFO  Anker.WeiXin.MP.CoreDynamicShow.Startup [(null)] - Startup
2018-05-07 17:22:08,001 [1] INFO  Anker.WeiXin.MP.CoreDynamicShow.Startup [(null)] - Startup
2018-05-07 17:30:32,217 [1] INFO  Anker.WeiXin.MP.CoreDynamicShow.Startup [(null)] - Startup
2018-05-07 17:33:51,680 [1] INFO  Anker.WeiXin.MP.CoreDynamicShow.Startup [(null)] - Startup
2018-05-07 17:45:02,710 [1] INFO  Anker.WeiXin.MP.CoreDynamicShow.Startup [(null)] - Startup
2018-05-08 09:37:01,943 [1] INFO  Anker.WeiXin.MP.CoreDynamicShow.Startup [(null)] - Startup
2018-05-08 09:47:28,273 [1] INFO  Anker.WeiXin.MP.CoreDynamicShow.Startup [(null)] - Startup
2018-05-08 09:49:13,803 [1] INFO  Anker.WeiXin.MP.CoreDynamicShow.Startup [(null)] - Startup
2018-05-08 09:52:07,899 [1] INFO  Anker.WeiXin.MP.CoreDynamicShow.Startup [(null)] - Startup
2018-05-08 10:39:22,665 [1] INFO  Anker.WeiXin.MP.CoreDynamicShow.Startup [(null)] - Startup
2018-05-08 10:41:20,227 [1] INFO  Anker.WeiXin.MP.CoreDynamicShow.Startup [(null)] - Startup
2018-05-08 10:57:40,761 [1] INFO  Anker.WeiXin.MP.CoreDynamicShow.Startup [(null)] - Startup
2018-05-08 11:16:52,860 [1] INFO  Anker.WeiXin.MP.CoreDynamicShow.Startup [(null)] - Startup
2018-05-08 11:23:51,417 [1] INFO  Anker.WeiXin.MP.CoreDynamicShow.Startup [(null)] - Startup
2018-05-08 11:26:56,933 [1] INFO  Anker.WeiXin.MP.CoreDynamicShow.Startup [(null)] - Startup
2018-05-08 11:30:39,433 [1] INFO  Anker.WeiXin.MP.CoreDynamicShow.Startup [(null)] - Startup
2018-05-08 12:56:33,590 [1] INFO  Anker.WeiXin.MP.CoreDynamicShow.Startup [(null)] - Startup
2018-05-08 13:30:17,735 [1] INFO  Anker.WeiXin.MP.CoreDynamicShow.Startup [(null)] - Startup
2018-05-08 13:30:46,635 [11] INFO  Anker.WeiXin.MP.CoreDynamicShow.Controllers.WeixinJSSDKController [(null)] - openidoCnkb1LaZxV1lcA0DwlvsCtHQs-c
2018-05-08 13:31:31,085 [20] INFO  Anker.WeiXin.MP.CoreDynamicShow.Controllers.WeixinJSSDKController [(null)] - openid
2018-05-08 13:32:35,977 [11] INFO  Anker.WeiXin.MP.CoreDynamicShow.Controllers.WeixinJSSDKController [(null)] - openidoCnkb1LaZxV1lcA0DwlvsCtHQs-c
2018-05-08 13:38:23,557 [1] INFO  Anker.WeiXin.MP.CoreDynamicShow.Startup [(null)] - Startup
2018-05-08 13:38:39,775 [10] INFO  Anker.WeiXin.MP.CoreDynamicShow.Controllers.WeixinJSSDKController [(null)] - openidoCnkb1LaZxV1lcA0DwlvsCtHQs-c
2018-05-08 13:41:04,635 [24] INFO  Anker.WeiXin.MP.CoreDynamicShow.Controllers.WeixinJSSDKController [(null)] - openidoCnkb1LaZxV1lcA0DwlvsCtHQs-c
2018-05-08 13:41:06,442 [32] INFO  Anker.WeiXin.MP.CoreDynamicShow.Controllers.WeixinJSSDKController [(null)] - openidoCnkb1LaZxV1lcA0DwlvsCtHQs-c
2018-05-08 13:41:06,841 [6] INFO  Anker.WeiXin.MP.CoreDynamicShow.Controllers.WeixinJSSDKController [(null)] - openidoCnkb1LaZxV1lcA0DwlvsCtHQs-c
2018-05-08 13:41:07,142 [6] INFO  Anker.WeiXin.MP.CoreDynamicShow.Controllers.WeixinJSSDKController [(null)] - openidoCnkb1LaZxV1lcA0DwlvsCtHQs-c
2018-05-08 13:41:07,542 [24] INFO  Anker.WeiXin.MP.CoreDynamicShow.Controllers.WeixinJSSDKController [(null)] - openidoCnkb1LaZxV1lcA0DwlvsCtHQs-c
2018-05-08 13:41:44,051 [24] INFO  Anker.WeiXin.MP.CoreDynamicShow.Controllers.WeixinJSSDKController [(null)] - openidoCnkb1LaZxV1lcA0DwlvsCtHQs-c
2018-05-08 13:41:46,501 [32] INFO  Anker.WeiXin.MP.CoreDynamicShow.Controllers.WeixinJSSDKController [(null)] - openidoCnkb1LaZxV1lcA0DwlvsCtHQs-c
2018-05-08 13:43:21,428 [37] INFO  Anker.WeiXin.MP.CoreDynamicShow.Controllers.WeixinJSSDKController [(null)] - openidoCnkb1LaZxV1lcA0DwlvsCtHQs-c
2018-05-08 13:43:34,654 [39] INFO  Anker.WeiXin.MP.CoreDynamicShow.Controllers.WeixinJSSDKController [(null)] - openidoCnkb1LaZxV1lcA0DwlvsCtHQs-c
2018-05-08 13:46:25,689 [50] INFO  Anker.WeiXin.MP.CoreDynamicShow.Controllers.WeixinJSSDKController [(null)] - openidoCnkb1LaZxV1lcA0DwlvsCtHQs-c
2018-05-08 13:46:27,432 [53] INFO  Anker.WeiXin.MP.CoreDynamicShow.Controllers.WeixinJSSDKController [(null)] - openidoCnkb1LaZxV1lcA0DwlvsCtHQs-c
2018-05-08 13:46:34,423 [51] INFO  Anker.WeiXin.MP.CoreDynamicShow.Controllers.WeixinJSSDKController [(null)] - openidoCnkb1LaZxV1lcA0DwlvsCtHQs-c
2018-05-08 13:46:55,740 [56] INFO  Anker.WeiXin.MP.CoreDynamicShow.Controllers.WeixinJSSDKController [(null)] - openidoCnkb1LaZxV1lcA0DwlvsCtHQs-c
2018-05-08 13:46:56,660 [56] INFO  Anker.WeiXin.MP.CoreDynamicShow.Controllers.WeixinJSSDKController [(null)] - openidoCnkb1LaZxV1lcA0DwlvsCtHQs-c
2018-05-08 13:46:56,999 [52] INFO  Anker.WeiXin.MP.CoreDynamicShow.Controllers.WeixinJSSDKController [(null)] - openidoCnkb1LaZxV1lcA0DwlvsCtHQs-c
2018-05-08 13:46:57,338 [52] INFO  Anker.WeiXin.MP.CoreDynamicShow.Controllers.WeixinJSSDKController [(null)] - openidoCnkb1LaZxV1lcA0DwlvsCtHQs-c
2018-05-08 13:46:57,612 [52] INFO  Anker.WeiXin.MP.CoreDynamicShow.Controllers.WeixinJSSDKController [(null)] - openidoCnkb1LaZxV1lcA0DwlvsCtHQs-c
2018-05-08 13:46:57,911 [56] INFO  Anker.WeiXin.MP.CoreDynamicShow.Controllers.WeixinJSSDKController [(null)] - openidoCnkb1LaZxV1lcA0DwlvsCtHQs-c
2018-05-08 13:46:58,219 [56] INFO  Anker.WeiXin.MP.CoreDynamicShow.Controllers.WeixinJSSDKController [(null)] - openidoCnkb1LaZxV1lcA0DwlvsCtHQs-c
2018-05-08 13:46:58,495 [56] INFO  Anker.WeiXin.MP.CoreDynamicShow.Controllers.WeixinJSSDKController [(null)] - openidoCnkb1LaZxV1lcA0DwlvsCtHQs-c
2018-05-08 13:46:58,730 [56] INFO  Anker.WeiXin.MP.CoreDynamicShow.Controllers.WeixinJSSDKController [(null)] - openidoCnkb1LaZxV1lcA0DwlvsCtHQs-c
2018-05-08 13:46:59,013 [54] INFO  Anker.WeiXin.MP.CoreDynamicShow.Controllers.WeixinJSSDKController [(null)] - openidoCnkb1LaZxV1lcA0DwlvsCtHQs-c
2018-05-08 13:46:59,674 [52] INFO  Anker.WeiXin.MP.CoreDynamicShow.Controllers.WeixinJSSDKController [(null)] - openidoCnkb1LaZxV1lcA0DwlvsCtHQs-c
2018-05-08 13:47:22,746 [63] INFO  Anker.WeiXin.MP.CoreDynamicShow.Controllers.WeixinJSSDKController [(null)] - openidoCnkb1LaZxV1lcA0DwlvsCtHQs-c
2018-05-08 13:47:24,291 [63] INFO  Anker.WeiXin.MP.CoreDynamicShow.Controllers.WeixinJSSDKController [(null)] - openidoCnkb1LaZxV1lcA0DwlvsCtHQs-c
2018-05-08 13:47:24,773 [64] INFO  Anker.WeiXin.MP.CoreDynamicShow.Controllers.WeixinJSSDKController [(null)] - openidoCnkb1LaZxV1lcA0DwlvsCtHQs-c
2018-05-08 13:47:25,085 [62] INFO  Anker.WeiXin.MP.CoreDynamicShow.Controllers.WeixinJSSDKController [(null)] - openidoCnkb1LaZxV1lcA0DwlvsCtHQs-c
2018-05-08 13:47:25,336 [61] INFO  Anker.WeiXin.MP.CoreDynamicShow.Controllers.WeixinJSSDKController [(null)] - openidoCnkb1LaZxV1lcA0DwlvsCtHQs-c
2018-05-08 13:47:33,015 [64] INFO  Anker.WeiXin.MP.CoreDynamicShow.Controllers.WeixinJSSDKController [(null)] - openidoCnkb1LaZxV1lcA0DwlvsCtHQs-c
2018-05-08 13:47:33,466 [54] INFO  Anker.WeiXin.MP.CoreDynamicShow.Controllers.WeixinJSSDKController [(null)] - openidoCnkb1LaZxV1lcA0DwlvsCtHQs-c
2018-05-08 13:47:44,207 [54] INFO  Anker.WeiXin.MP.CoreDynamicShow.Controllers.WeixinJSSDKController [(null)] - openidoCnkb1LaZxV1lcA0DwlvsCtHQs-c
2018-05-08 13:47:46,641 [63] INFO  Anker.WeiXin.MP.CoreDynamicShow.Controllers.WeixinJSSDKController [(null)] - openidoCnkb1LaZxV1lcA0DwlvsCtHQs-c
2018-05-08 13:47:47,259 [59] INFO  Anker.WeiXin.MP.CoreDynamicShow.Controllers.WeixinJSSDKController [(null)] - openidoCnkb1LaZxV1lcA0DwlvsCtHQs-c
2018-05-08 13:47:57,787 [56] INFO  Anker.WeiXin.MP.CoreDynamicShow.Controllers.WeixinJSSDKController [(null)] - openidoCnkb1LaZxV1lcA0DwlvsCtHQs-c
2018-05-08 13:48:23,209 [59] INFO  Anker.WeiXin.MP.CoreDynamicShow.Controllers.WeixinJSSDKController [(null)] - openidoCnkb1LaZxV1lcA0DwlvsCtH
2018-05-08 13:48:35,984 [60] INFO  Anker.WeiXin.MP.CoreDynamicShow.Controllers.WeixinJSSDKController [(null)] - openidoCnkb1MolqWxLT7yBfyclMjPE1dM
2018-05-08 14:02:15,269 [1] INFO  Anker.WeiXin.MP.CoreDynamicShow.Startup [(null)] - Startup
2018-05-08 14:02:21,719 [6] INFO  Anker.WeiXin.MP.CoreDynamicShow.Controllers.WeixinJSSDKController [(null)] - openidoCnkb1LaZxV1lcA0DwlvsCtHQs-c
2018-05-08 14:02:40,546 [16] INFO  Anker.WeiXin.MP.CoreDynamicShow.Controllers.WeixinJSSDKController [(null)] - openidoCnkb1LaZxV1lcA0DwlvsCtHQs-c
2018-05-08 14:03:33,372 [5] INFO  Anker.WeiXin.MP.CoreDynamicShow.Controllers.WeixinJSSDKController [(null)] - openidoCnkb1LaZxV1lcA0DwlvsCtHQs-c
2018-05-08 14:06:28,571 [1] INFO  Anker.WeiXin.MP.CoreDynamicShow.Startup [(null)] - Startup
2018-05-08 14:06:36,860 [11] INFO  Anker.WeiXin.MP.CoreDynamicShow.Controllers.WeixinJSSDKController [(null)] - openidoCnkb1LaZxV1lcA0DwlvsCtHQs-c
2018-05-08 14:12:36,188 [17] INFO  Anker.WeiXin.MP.CoreDynamicShow.Controllers.WeixinJSSDKController [(null)] - openidoCnkb1LaZxV1lcA0DwlvsCtHQs-c
2018-05-08 14:12:38,192 [5] INFO  Anker.WeiXin.MP.CoreDynamicShow.Controllers.WeixinJSSDKController [(null)] - openidoCnkb1LaZxV1lcA0DwlvsCtHQs-c
2018-05-08 14:12:45,497 [5] INFO  Anker.WeiXin.MP.CoreDynamicShow.Controllers.WeixinJSSDKController [(null)] - openidoCnkb1LaZxV1lcA0DwlvsCtHQs-c
2018-05-08 14:12:46,273 [18] INFO  Anker.WeiXin.MP.CoreDynamicShow.Controllers.WeixinJSSDKController [(null)] - openidoCnkb1LaZxV1lcA0DwlvsCtHQs-c
2018-05-08 14:15:22,384 [18] INFO  Anker.WeiXin.MP.CoreDynamicShow.Controllers.WeixinJSSDKController [(null)] - openidoCnkb1LaZxV1lcA0DwlvsCtHQs-c
2018-05-08 14:23:23,935 [27] INFO  Anker.WeiXin.MP.CoreDynamicShow.Controllers.WeixinJSSDKController [(null)] - openidoCnkb1LaZxV1lcA0DwlvsCtHQs-c
2018-05-08 14:23:25,568 [36] INFO  Anker.WeiXin.MP.CoreDynamicShow.Controllers.WeixinJSSDKController [(null)] - openidoCnkb1LaZxV1lcA0DwlvsCtHQs-c
2018-05-08 14:23:50,041 [35] INFO  Anker.WeiXin.MP.CoreDynamicShow.Controllers.WeixinJSSDKController [(null)] - openidoCnkb1LaZxV1lcA0DwlvsCtHQs-c
2018-05-08 14:25:00,161 [42] INFO  Anker.WeiXin.MP.CoreDynamicShow.Controllers.WeixinJSSDKController [(null)] - openidoCnkb1LaZxV1lcA0DwlvsCtHQs-c
2018-05-08 14:26:59,131 [52] INFO  Anker.WeiXin.MP.CoreDynamicShow.Controllers.WeixinJSSDKController [(null)] - openidoCnkb1LaZxV1lcA0DwlvsCtHQs-c
2018-05-08 14:27:58,813 [52] INFO  Anker.WeiXin.MP.CoreDynamicShow.Controllers.WeixinJSSDKController [(null)] - openidoCnkb1LaZxV1lcA0DwlvsCtHQs-c
2018-05-08 14:29:50,674 [61] INFO  Anker.WeiXin.MP.CoreDynamicShow.Controllers.WeixinJSSDKController [(null)] - openidoCnkb1LaZxV1lcA0DwlvsCtHQs-c
2018-05-08 14:30:36,369 [61] INFO  Anker.WeiXin.MP.CoreDynamicShow.Controllers.WeixinJSSDKController [(null)] - openidoCnkb1LaZxV1lcA0DwlvsCtHQs-c
2018-05-08 14:30:44,586 [63] INFO  Anker.WeiXin.MP.CoreDynamicShow.Controllers.WeixinJSSDKController [(null)] - openidoCnkb1LaZxV1lcA0DwlvsCtHQs-c
2018-05-08 14:30:57,314 [70] INFO  Anker.WeiXin.MP.CoreDynamicShow.Controllers.WeixinJSSDKController [(null)] - openidoCnkb1LaZxV1lcA0DwlvsCtHQs-c
2018-05-08 14:31:44,940 [75] INFO  Anker.WeiXin.MP.CoreDynamicShow.Controllers.WeixinJSSDKController [(null)] - openidoCnkb1LaZxV1lcA0DwlvsCtHQs-c
2018-05-08 14:31:46,541 [71] INFO  Anker.WeiXin.MP.CoreDynamicShow.Controllers.WeixinJSSDKController [(null)] - openidoCnkb1LaZxV1lcA0DwlvsCtHQs-c
2018-05-08 14:31:47,782 [71] INFO  Anker.WeiXin.MP.CoreDynamicShow.Controllers.WeixinJSSDKController [(null)] - openidoCnkb1LaZxV1lcA0DwlvsCtHQs-c
2018-05-08 14:31:56,753 [69] INFO  Anker.WeiXin.MP.CoreDynamicShow.Controllers.WeixinJSSDKController [(null)] - openidoCnkb1LaZxV1lcA0DwlvsCtHQs-c
2018-05-08 14:32:53,582 [1] INFO  Anker.WeiXin.MP.CoreDynamicShow.Startup [(null)] - Startup
2018-05-08 14:33:21,553 [10] INFO  Anker.WeiXin.MP.CoreDynamicShow.Controllers.WeixinJSSDKController [(null)] - openidoCnkb1LaZxV1lcA0DwlvsCtHQs-c
2018-05-08 14:43:46,763 [1] INFO  Anker.WeiXin.MP.CoreDynamicShow.Startup [(null)] - Startup
2018-05-08 17:23:49,870 [1] INFO  Anker.WeiXin.MP.CoreDynamicShow.Startup [(null)] - Startup
2018-05-09 15:38:02,601 [1] INFO  Anker.WeiXin.MP.CoreDynamicShow.Startup [(null)] - Startup
2018-05-11 09:17:29,560 [1] INFO  Anker.WeiXin.MP.CoreDynamicShow.Startup [(null)] - Startup
2018-05-11 09:17:46,547 [5] INFO  Anker.WeiXin.MP.CoreDynamicShow.Controllers.WeixinJSSDKController [(null)] - openid1
2018-05-11 09:17:54,786 [13] INFO  Anker.WeiXin.MP.CoreDynamicShow.Controllers.WeixinJSSDKController [(null)] - openid1
2018-05-11 09:20:55,364 [1] INFO  Anker.WeiXin.MP.CoreDynamicShow.Startup [(null)] - Startup
2018-05-11 09:21:10,705 [1] INFO  Anker.WeiXin.MP.CoreDynamicShow.Startup [(null)] - Startup
2018-05-11 09:23:11,822 [1] INFO  Anker.WeiXin.MP.CoreDynamicShow.Startup [(null)] - Startup
2018-05-11 09:23:58,289 [1] INFO  Anker.WeiXin.MP.CoreDynamicShow.Startup [(null)] - Startup
2018-05-11 09:29:30,370 [1] INFO  Anker.WeiXin.MP.CoreDynamicShow.Startup [(null)] - Startup
2018-05-11 09:30:24,043 [1] INFO  Anker.WeiXin.MP.CoreDynamicShow.Startup [(null)] - Startup
2018-05-11 09:43:13,956 [1] INFO  Anker.WeiXin.MP.CoreDynamicShow.Startup [(null)] - Startup
2018-05-11 09:43:46,026 [1] INFO  Anker.WeiXin.MP.CoreDynamicShow.Startup [(null)] - Startup
2018-05-11 09:44:54,581 [1] INFO  Anker.WeiXin.MP.CoreDynamicShow.Startup [(null)] - Startup
2018-05-11 09:45:20,399 [1] INFO  Anker.WeiXin.MP.CoreDynamicShow.Startup [(null)] - Startup
2018-05-11 09:49:54,897 [1] INFO  Anker.WeiXin.MP.CoreDynamicShow.Startup [(null)] - Startup
2018-05-11 09:50:51,911 [1] INFO  Anker.WeiXin.MP.CoreDynamicShow.Startup [(null)] - Startup
2018-05-11 09:51:54,438 [1] INFO  Anker.WeiXin.MP.CoreDynamicShow.Startup [(null)] - Startup
2018-05-11 09:53:12,323 [1] INFO  Anker.WeiXin.MP.CoreDynamicShow.Startup [(null)] - Startup
2018-05-11 09:55:19,677 [1] INFO  Anker.WeiXin.MP.CoreDynamicShow.Startup [(null)] - Startup
2018-05-11 09:55:57,274 [1] INFO  Anker.WeiXin.MP.CoreDynamicShow.Startup [(null)] - Startup
2018-05-11 09:57:44,605 [1] INFO  Anker.WeiXin.MP.CoreDynamicShow.Startup [(null)] - Startup
2018-05-11 09:58:07,328 [1] INFO  Anker.WeiXin.MP.CoreDynamicShow.Startup [(null)] - Startup
2018-05-11 09:59:24,053 [1] INFO  Anker.WeiXin.MP.CoreDynamicShow.Startup [(null)] - Startup
2018-05-11 10:00:51,654 [1] INFO  Anker.WeiXin.MP.CoreDynamicShow.Startup [(null)] - Startup
2018-05-11 10:13:27,914 [1] INFO  Anker.WeiXin.MP.CoreDynamicShow.Startup [(null)] - Startup
2018-05-11 10:18:48,110 [1] INFO  Anker.WeiXin.MP.CoreDynamicShow.Startup [(null)] - Startup
2018-05-11 10:27:30,973 [1] INFO  Anker.WeiXin.MP.CoreDynamicShow.Startup [(null)] - Startup
2018-05-11 10:29:03,095 [1] INFO  Anker.WeiXin.MP.CoreDynamicShow.Startup [(null)] - Startup
2018-05-11 10:30:42,954 [1] INFO  Anker.WeiXin.MP.CoreDynamicShow.Startup [(null)] - Startup
2018-05-11 10:35:31,344 [1] INFO  Anker.WeiXin.MP.CoreDynamicShow.Startup [(null)] - Startup
2018-05-11 10:36:23,334 [1] INFO  Anker.WeiXin.MP.CoreDynamicShow.Startup [(null)] - Startup
2018-05-11 10:41:46,714 [1] INFO  Anker.WeiXin.MP.CoreDynamicShow.Startup [(null)] - Startup
2018-05-11 10:44:30,430 [1] INFO  Anker.WeiXin.MP.CoreDynamicShow.Startup [(null)] - Startup
2018-05-11 10:47:35,985 [1] INFO  Anker.WeiXin.MP.CoreDynamicShow.Startup [(null)] - Startup
2018-05-11 10:54:14,570 [1] INFO  Anker.WeiXin.MP.CoreDynamicShow.Startup [(null)] - Startup
2018-05-11 11:00:48,664 [1] INFO  Anker.WeiXin.MP.CoreDynamicShow.Startup [(null)] - Startup
2018-05-11 11:01:12,944 [1] INFO  Anker.WeiXin.MP.CoreDynamicShow.Startup [(null)] - Startup
2018-05-11 11:09:44,762 [1] INFO  Anker.WeiXin.MP.CoreDynamicShow.Startup [(null)] - Startup
2018-05-11 11:10:15,442 [1] INFO  Anker.WeiXin.MP.CoreDynamicShow.Startup [(null)] - Startup
2018-05-11 11:18:47,353 [1] INFO  Anker.WeiXin.MP.CoreDynamicShow.Startup [(null)] - Startup
2018-05-11 11:19:50,333 [1] INFO  Anker.WeiXin.MP.CoreDynamicShow.Startup [(null)] - Startup
2018-05-11 12:27:02,439 [1] INFO  Anker.WeiXin.MP.CoreDynamicShow.Startup [(null)] - Startup
2018-05-11 12:55:02,771 [1] INFO  Anker.WeiXin.MP.CoreDynamicShow.Startup [(null)] - Startup
2018-05-11 13:06:47,184 [1] INFO  Anker.WeiXin.MP.CoreDynamicShow.Startup [(null)] - Startup
2018-05-11 13:07:56,257 [1] INFO  Anker.WeiXin.MP.CoreDynamicShow.Startup [(null)] - Startup
2018-05-11 13:08:35,409 [1] INFO  Anker.WeiXin.MP.CoreDynamicShow.Startup [(null)] - Startup
2018-05-11 15:46:15,523 [1] INFO  Anker.WeiXin.MP.CoreDynamicShow.Startup [(null)] - Startup
2018-05-11 15:54:34,942 [1] INFO  Anker.WeiXin.MP.CoreDynamicShow.Startup [(null)] - Startup
2018-05-11 15:55:51,808 [1] INFO  Anker.WeiXin.MP.CoreDynamicShow.Startup [(null)] - Startup
2018-05-11 15:56:45,251 [1] INFO  Anker.WeiXin.MP.CoreDynamicShow.Startup [(null)] - Startup
2018-05-11 15:58:48,057 [1] INFO  Anker.WeiXin.MP.CoreDynamicShow.Startup [(null)] - Startup
2018-05-11 16:01:54,396 [1] INFO  Anker.WeiXin.MP.CoreDynamicShow.Startup [(null)] - Startup
2018-05-11 16:03:41,870 [1] INFO  Anker.WeiXin.MP.CoreDynamicShow.Startup [(null)] - Startup
2018-05-11 16:06:32,383 [1] INFO  Anker.WeiXin.MP.CoreDynamicShow.Startup [(null)] - Startup
2018-05-11 16:12:56,789 [1] INFO  Anker.WeiXin.MP.CoreDynamicShow.Startup [(null)] - Startup
2018-05-11 17:04:11,323 [1] INFO  Anker.WeiXin.MP.CoreDynamicShow.Startup [(null)] - Startup
2018-05-11 17:04:18,560 [1] INFO  Anker.WeiXin.MP.CoreDynamicShow.Startup [(null)] - Startup
2018-05-11 17:18:02,987 [1] INFO  Anker.WeiXin.MP.CoreDynamicShow.Startup [(null)] - Startup
2018-05-11 17:28:19,711 [1] INFO  Anker.WeiXin.MP.CoreDynamicShow.Startup [(null)] - Startup
2018-05-11 17:32:22,412 [1] INFO  Anker.WeiXin.MP.CoreDynamicShow.Startup [(null)] - Startup
2018-05-11 17:38:40,741 [1] INFO  Anker.WeiXin.MP.CoreDynamicShow.Startup [(null)] - Startup
2018-05-11 17:52:08,510 [1] INFO  Anker.WeiXin.MP.CoreDynamicShow.Startup [(null)] - Startup
2018-05-11 18:57:26,248 [1] INFO  Anker.WeiXin.MP.CoreDynamicShow.Startup [(null)] - Startup
2018-05-11 18:59:35,222 [1] INFO  Anker.WeiXin.MP.CoreDynamicShow.Startup [(null)] - Startup
2018-05-11 19:01:39,038 [1] INFO  Anker.WeiXin.MP.CoreDynamicShow.Startup [(null)] - Startup
2018-05-11 19:02:43,421 [1] INFO  Anker.WeiXin.MP.CoreDynamicShow.Startup [(null)] - Startup
2018-05-11 19:07:12,772 [1] INFO  Anker.WeiXin.MP.CoreDynamicShow.Startup [(null)] - Startup
2018-05-11 19:18:48,291 [1] INFO  Anker.WeiXin.MP.CoreDynamicShow.Startup [(null)] - Startup
2018-05-11 19:23:02,870 [1] INFO  Anker.WeiXin.MP.CoreDynamicShow.Startup [(null)] - Startup
2018-05-11 19:24:19,948 [1] INFO  Anker.WeiXin.MP.CoreDynamicShow.Startup [(null)] - Startup
