2018-05-08 09:37:01,943 [1] INFO  Anker.WeiXin.MP.CoreDynamicShow.Startup [(null)] - Startup
2018-05-08 09:47:28,273 [1] INFO  Anker.WeiXin.MP.CoreDynamicShow.Startup [(null)] - Startup
2018-05-08 09:49:13,803 [1] INFO  Anker.WeiXin.MP.CoreDynamicShow.Startup [(null)] - Startup
2018-05-08 09:52:07,899 [1] INFO  Anker.WeiXin.MP.CoreDynamicShow.Startup [(null)] - Startup
2018-05-08 10:39:22,665 [1] INFO  Anker.WeiXin.MP.CoreDynamicShow.Startup [(null)] - Startup
2018-05-08 10:41:20,227 [1] INFO  Anker.WeiXin.MP.CoreDynamicShow.Startup [(null)] - Startup
2018-05-08 10:57:40,761 [1] INFO  Anker.WeiXin.MP.CoreDynamicShow.Startup [(null)] - Startup
2018-05-08 11:16:52,860 [1] INFO  Anker.WeiXin.MP.CoreDynamicShow.Startup [(null)] - Startup
2018-05-08 11:23:51,417 [1] INFO  Anker.WeiXin.MP.CoreDynamicShow.Startup [(null)] - Startup
2018-05-08 11:26:56,933 [1] INFO  Anker.WeiXin.MP.CoreDynamicShow.Startup [(null)] - Startup
2018-05-08 11:30:39,433 [1] INFO  Anker.WeiXin.MP.CoreDynamicShow.Startup [(null)] - Startup
2018-05-08 12:56:33,590 [1] INFO  Anker.WeiXin.MP.CoreDynamicShow.Startup [(null)] - Startup
2018-05-08 13:30:17,735 [1] INFO  Anker.WeiXin.MP.CoreDynamicShow.Startup [(null)] - Startup
2018-05-08 13:30:46,635 [11] INFO  Anker.WeiXin.MP.CoreDynamicShow.Controllers.WeixinJSSDKController [(null)] - openidoCnkb1LaZxV1lcA0DwlvsCtHQs-c
2018-05-08 13:31:31,085 [20] INFO  Anker.WeiXin.MP.CoreDynamicShow.Controllers.WeixinJSSDKController [(null)] - openid
2018-05-08 13:32:35,977 [11] INFO  Anker.WeiXin.MP.CoreDynamicShow.Controllers.WeixinJSSDKController [(null)] - openidoCnkb1LaZxV1lcA0DwlvsCtHQs-c
2018-05-08 13:38:23,557 [1] INFO  Anker.WeiXin.MP.CoreDynamicShow.Startup [(null)] - Startup
2018-05-08 13:38:39,775 [10] INFO  Anker.WeiXin.MP.CoreDynamicShow.Controllers.WeixinJSSDKController [(null)] - openidoCnkb1LaZxV1lcA0DwlvsCtHQs-c
2018-05-08 13:41:04,635 [24] INFO  Anker.WeiXin.MP.CoreDynamicShow.Controllers.WeixinJSSDKController [(null)] - openidoCnkb1LaZxV1lcA0DwlvsCtHQs-c
2018-05-08 13:41:06,442 [32] INFO  Anker.WeiXin.MP.CoreDynamicShow.Controllers.WeixinJSSDKController [(null)] - openidoCnkb1LaZxV1lcA0DwlvsCtHQs-c
2018-05-08 13:41:06,841 [6] INFO  Anker.WeiXin.MP.CoreDynamicShow.Controllers.WeixinJSSDKController [(null)] - openidoCnkb1LaZxV1lcA0DwlvsCtHQs-c
2018-05-08 13:41:07,142 [6] INFO  Anker.WeiXin.MP.CoreDynamicShow.Controllers.WeixinJSSDKController [(null)] - openidoCnkb1LaZxV1lcA0DwlvsCtHQs-c
2018-05-08 13:41:07,542 [24] INFO  Anker.WeiXin.MP.CoreDynamicShow.Controllers.WeixinJSSDKController [(null)] - openidoCnkb1LaZxV1lcA0DwlvsCtHQs-c
2018-05-08 13:41:44,051 [24] INFO  Anker.WeiXin.MP.CoreDynamicShow.Controllers.WeixinJSSDKController [(null)] - openidoCnkb1LaZxV1lcA0DwlvsCtHQs-c
2018-05-08 13:41:46,501 [32] INFO  Anker.WeiXin.MP.CoreDynamicShow.Controllers.WeixinJSSDKController [(null)] - openidoCnkb1LaZxV1lcA0DwlvsCtHQs-c
2018-05-08 13:43:21,428 [37] INFO  Anker.WeiXin.MP.CoreDynamicShow.Controllers.WeixinJSSDKController [(null)] - openidoCnkb1LaZxV1lcA0DwlvsCtHQs-c
2018-05-08 13:43:34,654 [39] INFO  Anker.WeiXin.MP.CoreDynamicShow.Controllers.WeixinJSSDKController [(null)] - openidoCnkb1LaZxV1lcA0DwlvsCtHQs-c
2018-05-08 13:46:25,689 [50] INFO  Anker.WeiXin.MP.CoreDynamicShow.Controllers.WeixinJSSDKController [(null)] - openidoCnkb1LaZxV1lcA0DwlvsCtHQs-c
2018-05-08 13:46:27,432 [53] INFO  Anker.WeiXin.MP.CoreDynamicShow.Controllers.WeixinJSSDKController [(null)] - openidoCnkb1LaZxV1lcA0DwlvsCtHQs-c
2018-05-08 13:46:34,423 [51] INFO  Anker.WeiXin.MP.CoreDynamicShow.Controllers.WeixinJSSDKController [(null)] - openidoCnkb1LaZxV1lcA0DwlvsCtHQs-c
2018-05-08 13:46:55,740 [56] INFO  Anker.WeiXin.MP.CoreDynamicShow.Controllers.WeixinJSSDKController [(null)] - openidoCnkb1LaZxV1lcA0DwlvsCtHQs-c
2018-05-08 13:46:56,660 [56] INFO  Anker.WeiXin.MP.CoreDynamicShow.Controllers.WeixinJSSDKController [(null)] - openidoCnkb1LaZxV1lcA0DwlvsCtHQs-c
2018-05-08 13:46:56,999 [52] INFO  Anker.WeiXin.MP.CoreDynamicShow.Controllers.WeixinJSSDKController [(null)] - openidoCnkb1LaZxV1lcA0DwlvsCtHQs-c
2018-05-08 13:46:57,338 [52] INFO  Anker.WeiXin.MP.CoreDynamicShow.Controllers.WeixinJSSDKController [(null)] - openidoCnkb1LaZxV1lcA0DwlvsCtHQs-c
2018-05-08 13:46:57,612 [52] INFO  Anker.WeiXin.MP.CoreDynamicShow.Controllers.WeixinJSSDKController [(null)] - openidoCnkb1LaZxV1lcA0DwlvsCtHQs-c
2018-05-08 13:46:57,911 [56] INFO  Anker.WeiXin.MP.CoreDynamicShow.Controllers.WeixinJSSDKController [(null)] - openidoCnkb1LaZxV1lcA0DwlvsCtHQs-c
2018-05-08 13:46:58,219 [56] INFO  Anker.WeiXin.MP.CoreDynamicShow.Controllers.WeixinJSSDKController [(null)] - openidoCnkb1LaZxV1lcA0DwlvsCtHQs-c
2018-05-08 13:46:58,495 [56] INFO  Anker.WeiXin.MP.CoreDynamicShow.Controllers.WeixinJSSDKController [(null)] - openidoCnkb1LaZxV1lcA0DwlvsCtHQs-c
2018-05-08 13:46:58,730 [56] INFO  Anker.WeiXin.MP.CoreDynamicShow.Controllers.WeixinJSSDKController [(null)] - openidoCnkb1LaZxV1lcA0DwlvsCtHQs-c
2018-05-08 13:46:59,013 [54] INFO  Anker.WeiXin.MP.CoreDynamicShow.Controllers.WeixinJSSDKController [(null)] - openidoCnkb1LaZxV1lcA0DwlvsCtHQs-c
2018-05-08 13:46:59,674 [52] INFO  Anker.WeiXin.MP.CoreDynamicShow.Controllers.WeixinJSSDKController [(null)] - openidoCnkb1LaZxV1lcA0DwlvsCtHQs-c
2018-05-08 13:47:22,746 [63] INFO  Anker.WeiXin.MP.CoreDynamicShow.Controllers.WeixinJSSDKController [(null)] - openidoCnkb1LaZxV1lcA0DwlvsCtHQs-c
2018-05-08 13:47:24,291 [63] INFO  Anker.WeiXin.MP.CoreDynamicShow.Controllers.WeixinJSSDKController [(null)] - openidoCnkb1LaZxV1lcA0DwlvsCtHQs-c
2018-05-08 13:47:24,773 [64] INFO  Anker.WeiXin.MP.CoreDynamicShow.Controllers.WeixinJSSDKController [(null)] - openidoCnkb1LaZxV1lcA0DwlvsCtHQs-c
2018-05-08 13:47:25,085 [62] INFO  Anker.WeiXin.MP.CoreDynamicShow.Controllers.WeixinJSSDKController [(null)] - openidoCnkb1LaZxV1lcA0DwlvsCtHQs-c
2018-05-08 13:47:25,336 [61] INFO  Anker.WeiXin.MP.CoreDynamicShow.Controllers.WeixinJSSDKController [(null)] - openidoCnkb1LaZxV1lcA0DwlvsCtHQs-c
2018-05-08 13:47:33,015 [64] INFO  Anker.WeiXin.MP.CoreDynamicShow.Controllers.WeixinJSSDKController [(null)] - openidoCnkb1LaZxV1lcA0DwlvsCtHQs-c
2018-05-08 13:47:33,466 [54] INFO  Anker.WeiXin.MP.CoreDynamicShow.Controllers.WeixinJSSDKController [(null)] - openidoCnkb1LaZxV1lcA0DwlvsCtHQs-c
2018-05-08 13:47:44,207 [54] INFO  Anker.WeiXin.MP.CoreDynamicShow.Controllers.WeixinJSSDKController [(null)] - openidoCnkb1LaZxV1lcA0DwlvsCtHQs-c
2018-05-08 13:47:46,641 [63] INFO  Anker.WeiXin.MP.CoreDynamicShow.Controllers.WeixinJSSDKController [(null)] - openidoCnkb1LaZxV1lcA0DwlvsCtHQs-c
2018-05-08 13:47:47,259 [59] INFO  Anker.WeiXin.MP.CoreDynamicShow.Controllers.WeixinJSSDKController [(null)] - openidoCnkb1LaZxV1lcA0DwlvsCtHQs-c
2018-05-08 13:47:57,787 [56] INFO  Anker.WeiXin.MP.CoreDynamicShow.Controllers.WeixinJSSDKController [(null)] - openidoCnkb1LaZxV1lcA0DwlvsCtHQs-c
2018-05-08 13:48:23,209 [59] INFO  Anker.WeiXin.MP.CoreDynamicShow.Controllers.WeixinJSSDKController [(null)] - openidoCnkb1LaZxV1lcA0DwlvsCtH
2018-05-08 13:48:35,984 [60] INFO  Anker.WeiXin.MP.CoreDynamicShow.Controllers.WeixinJSSDKController [(null)] - openidoCnkb1MolqWxLT7yBfyclMjPE1dM
2018-05-08 14:02:15,269 [1] INFO  Anker.WeiXin.MP.CoreDynamicShow.Startup [(null)] - Startup
2018-05-08 14:02:21,719 [6] INFO  Anker.WeiXin.MP.CoreDynamicShow.Controllers.WeixinJSSDKController [(null)] - openidoCnkb1LaZxV1lcA0DwlvsCtHQs-c
2018-05-08 14:02:40,546 [16] INFO  Anker.WeiXin.MP.CoreDynamicShow.Controllers.WeixinJSSDKController [(null)] - openidoCnkb1LaZxV1lcA0DwlvsCtHQs-c
2018-05-08 14:03:33,372 [5] INFO  Anker.WeiXin.MP.CoreDynamicShow.Controllers.WeixinJSSDKController [(null)] - openidoCnkb1LaZxV1lcA0DwlvsCtHQs-c
2018-05-08 14:06:28,571 [1] INFO  Anker.WeiXin.MP.CoreDynamicShow.Startup [(null)] - Startup
2018-05-08 14:06:36,860 [11] INFO  Anker.WeiXin.MP.CoreDynamicShow.Controllers.WeixinJSSDKController [(null)] - openidoCnkb1LaZxV1lcA0DwlvsCtHQs-c
2018-05-08 14:12:36,188 [17] INFO  Anker.WeiXin.MP.CoreDynamicShow.Controllers.WeixinJSSDKController [(null)] - openidoCnkb1LaZxV1lcA0DwlvsCtHQs-c
2018-05-08 14:12:38,192 [5] INFO  Anker.WeiXin.MP.CoreDynamicShow.Controllers.WeixinJSSDKController [(null)] - openidoCnkb1LaZxV1lcA0DwlvsCtHQs-c
2018-05-08 14:12:45,497 [5] INFO  Anker.WeiXin.MP.CoreDynamicShow.Controllers.WeixinJSSDKController [(null)] - openidoCnkb1LaZxV1lcA0DwlvsCtHQs-c
2018-05-08 14:12:46,273 [18] INFO  Anker.WeiXin.MP.CoreDynamicShow.Controllers.WeixinJSSDKController [(null)] - openidoCnkb1LaZxV1lcA0DwlvsCtHQs-c
2018-05-08 14:15:22,384 [18] INFO  Anker.WeiXin.MP.CoreDynamicShow.Controllers.WeixinJSSDKController [(null)] - openidoCnkb1LaZxV1lcA0DwlvsCtHQs-c
2018-05-08 14:23:23,935 [27] INFO  Anker.WeiXin.MP.CoreDynamicShow.Controllers.WeixinJSSDKController [(null)] - openidoCnkb1LaZxV1lcA0DwlvsCtHQs-c
2018-05-08 14:23:25,568 [36] INFO  Anker.WeiXin.MP.CoreDynamicShow.Controllers.WeixinJSSDKController [(null)] - openidoCnkb1LaZxV1lcA0DwlvsCtHQs-c
2018-05-08 14:23:50,041 [35] INFO  Anker.WeiXin.MP.CoreDynamicShow.Controllers.WeixinJSSDKController [(null)] - openidoCnkb1LaZxV1lcA0DwlvsCtHQs-c
2018-05-08 14:25:00,161 [42] INFO  Anker.WeiXin.MP.CoreDynamicShow.Controllers.WeixinJSSDKController [(null)] - openidoCnkb1LaZxV1lcA0DwlvsCtHQs-c
2018-05-08 14:26:59,131 [52] INFO  Anker.WeiXin.MP.CoreDynamicShow.Controllers.WeixinJSSDKController [(null)] - openidoCnkb1LaZxV1lcA0DwlvsCtHQs-c
2018-05-08 14:27:58,813 [52] INFO  Anker.WeiXin.MP.CoreDynamicShow.Controllers.WeixinJSSDKController [(null)] - openidoCnkb1LaZxV1lcA0DwlvsCtHQs-c
2018-05-08 14:29:50,674 [61] INFO  Anker.WeiXin.MP.CoreDynamicShow.Controllers.WeixinJSSDKController [(null)] - openidoCnkb1LaZxV1lcA0DwlvsCtHQs-c
2018-05-08 14:30:36,369 [61] INFO  Anker.WeiXin.MP.CoreDynamicShow.Controllers.WeixinJSSDKController [(null)] - openidoCnkb1LaZxV1lcA0DwlvsCtHQs-c
2018-05-08 14:30:44,586 [63] INFO  Anker.WeiXin.MP.CoreDynamicShow.Controllers.WeixinJSSDKController [(null)] - openidoCnkb1LaZxV1lcA0DwlvsCtHQs-c
2018-05-08 14:30:57,314 [70] INFO  Anker.WeiXin.MP.CoreDynamicShow.Controllers.WeixinJSSDKController [(null)] - openidoCnkb1LaZxV1lcA0DwlvsCtHQs-c
2018-05-08 14:31:44,940 [75] INFO  Anker.WeiXin.MP.CoreDynamicShow.Controllers.WeixinJSSDKController [(null)] - openidoCnkb1LaZxV1lcA0DwlvsCtHQs-c
2018-05-08 14:31:46,541 [71] INFO  Anker.WeiXin.MP.CoreDynamicShow.Controllers.WeixinJSSDKController [(null)] - openidoCnkb1LaZxV1lcA0DwlvsCtHQs-c
2018-05-08 14:31:47,782 [71] INFO  Anker.WeiXin.MP.CoreDynamicShow.Controllers.WeixinJSSDKController [(null)] - openidoCnkb1LaZxV1lcA0DwlvsCtHQs-c
2018-05-08 14:31:56,753 [69] INFO  Anker.WeiXin.MP.CoreDynamicShow.Controllers.WeixinJSSDKController [(null)] - openidoCnkb1LaZxV1lcA0DwlvsCtHQs-c
2018-05-08 14:32:53,582 [1] INFO  Anker.WeiXin.MP.CoreDynamicShow.Startup [(null)] - Startup
2018-05-08 14:33:21,553 [10] INFO  Anker.WeiXin.MP.CoreDynamicShow.Controllers.WeixinJSSDKController [(null)] - openidoCnkb1LaZxV1lcA0DwlvsCtHQs-c
2018-05-08 14:43:46,763 [1] INFO  Anker.WeiXin.MP.CoreDynamicShow.Startup [(null)] - Startup
