2018-05-02 14:21:58,664 [1] INFO  Anker.DynamicShow.Startup [(null)] - test
2018-05-02 14:21:59,470 [12] INFO  Anker.DynamicShow.Controllers.ValuesController [(null)] - signature:
2018-05-02 14:21:59,470 [12] INFO  Anker.DynamicShow.Controllers.ValuesController [(null)] - timestamp:
2018-05-02 14:21:59,470 [12] INFO  Anker.DynamicShow.Controllers.ValuesController [(null)] - nonce:
2018-05-02 14:21:59,470 [12] INFO  Anker.DynamicShow.Controllers.ValuesController [(null)] - echostr:
2018-05-02 14:21:59,478 [12] INFO  Anker.DynamicShow.Controllers.ValuesController [(null)] - msg:47a802697d104b47d3804ef219bb69700d0fda4f
2018-05-02 14:21:59,478 [12] INFO  Anker.DynamicShow.Controllers.ValuesController [(null)] - bool:false
2018-05-02 14:23:25,879 [1] INFO  Anker.DynamicShow.Startup [(null)] - test
2018-05-03 10:28:50,720 [1] INFO  Anker.DynamicShow.Startup [(null)] - test
2018-05-03 10:29:49,191 [1] INFO  Anker.DynamicShow.Startup [(null)] - test
2018-05-03 10:34:48,976 [1] INFO  Anker.DynamicShow.Startup [(null)] - test
2018-05-03 10:41:47,502 [1] INFO  Anker.DynamicShow.Startup [(null)] - test
2018-05-03 10:42:59,704 [1] INFO  Anker.DynamicShow.Startup [(null)] - test
2018-05-03 12:58:02,252 [1] INFO  Anker.DynamicShow.Startup [(null)] - test
2018-05-03 13:19:39,931 [1] INFO  Anker.DynamicShow.Startup [(null)] - test
2018-05-03 13:46:14,406 [1] INFO  Anker.DynamicShow.Startup [(null)] - test
2018-05-03 13:46:38,967 [6] INFO  Anker.DynamicShow.Controllers.ValuesController [(null)] - 接收消息
2018-05-03 13:47:01,596 [10] INFO  Anker.DynamicShow.Controllers.ValuesController [(null)] - 接收消息
2018-05-03 13:47:22,625 [5] INFO  Anker.DynamicShow.Controllers.ValuesController [(null)] - 接收消息
2018-05-03 13:52:20,265 [1] INFO  Anker.DynamicShow.Startup [(null)] - test
2018-05-03 13:52:21,030 [6] INFO  Anker.DynamicShow.Controllers.ValuesController [(null)] - 接收消息
2018-05-03 13:54:26,428 [1] INFO  Anker.DynamicShow.Startup [(null)] - test
2018-05-03 13:54:27,169 [11] INFO  Anker.DynamicShow.Controllers.ValuesController [(null)] - 接收消息
2018-05-03 14:25:40,383 [1] INFO  Anker.DynamicShow.Startup [(null)] - test
2018-05-03 14:38:30,031 [1] INFO  Anker.DynamicShow.Startup [(null)] - test
