
[[[接口调用]]]
[2018/5/13 13:15:57]
[线程：10]
    URL：https://api.weixin.qq.com/cgi-bin/token?grant_type=client_credential&appid=wx4673f5bfc87da557&secret=42f119bb1f2cf8e201362d938aa11c9b
    Result：
{"errcode":40164,"errmsg":"invalid ip 115.34.252.174, not in whitelist hint: [OTjXga05581512]"}

[[[ErrorJsonResultException]]]
[2018/5/13 13:15:58]
[线程：10]
    ErrorJsonResultException
    AccessTokenOrAppId：null
    URL：https://api.weixin.qq.com/cgi-bin/token?grant_type=client_credential&appid=wx4673f5bfc87da557&secret=42f119bb1f2cf8e201362d938aa11c9b
    errcode：40164
    errmsg：invalid ip 115.34.252.174, not in whitelist hint: [OTjXga05581512]

[[[接口调用]]]
[2018/5/13 13:48:15]
[线程：5]
    URL：https://api.weixin.qq.com/cgi-bin/token?grant_type=client_credential&appid=wx4673f5bfc87da557&secret=42f119bb1f2cf8e201362d938aa11c9b
    Result：
{"errcode":40164,"errmsg":"invalid ip 115.34.252.174, not in whitelist hint: [UAXvhA04962790]"}

[[[ErrorJsonResultException]]]
[2018/5/13 13:48:16]
[线程：5]
    ErrorJsonResultException
    AccessTokenOrAppId：null
    URL：https://api.weixin.qq.com/cgi-bin/token?grant_type=client_credential&appid=wx4673f5bfc87da557&secret=42f119bb1f2cf8e201362d938aa11c9b
    errcode：40164
    errmsg：invalid ip 115.34.252.174, not in whitelist hint: [UAXvhA04962790]

[[[接口调用]]]
[2018/5/13 13:49:39]
[线程：5]
    URL：https://api.weixin.qq.com/cgi-bin/token?grant_type=client_credential&appid=wx4673f5bfc87da557&secret=42f119bb1f2cf8e201362d938aa11c9b
    Result：
{"errcode":40164,"errmsg":"invalid ip 115.34.252.174, not in whitelist hint: [ovF2HA05802974]"}

[[[ErrorJsonResultException]]]
[2018/5/13 13:49:40]
[线程：5]
    ErrorJsonResultException
    AccessTokenOrAppId：null
    URL：https://api.weixin.qq.com/cgi-bin/token?grant_type=client_credential&appid=wx4673f5bfc87da557&secret=42f119bb1f2cf8e201362d938aa11c9b
    errcode：40164
    errmsg：invalid ip 115.34.252.174, not in whitelist hint: [ovF2HA05802974]

[[[接口调用]]]
[2018/5/13 14:03:00]
[线程：6]
    URL：https://api.weixin.qq.com/cgi-bin/token?grant_type=client_credential&appid=wx4673f5bfc87da557&secret=42f119bb1f2cf8e201362d938aa11c9b
    Result：
{"errcode":40164,"errmsg":"invalid ip 115.34.252.174, not in whitelist hint: [b6aE_a03811501]"}

[[[ErrorJsonResultException]]]
[2018/5/13 14:03:00]
[线程：6]
    ErrorJsonResultException
    AccessTokenOrAppId：null
    URL：https://api.weixin.qq.com/cgi-bin/token?grant_type=client_credential&appid=wx4673f5bfc87da557&secret=42f119bb1f2cf8e201362d938aa11c9b
    errcode：40164
    errmsg：invalid ip 115.34.252.174, not in whitelist hint: [b6aE_a03811501]

[[[接口调用]]]
[2018/5/13 14:05:16]
[线程：6]
    URL：https://api.weixin.qq.com/cgi-bin/token?grant_type=client_credential&appid=wx4673f5bfc87da557&secret=42f119bb1f2cf8e201362d938aa11c9b
    Result：
{"errcode":40164,"errmsg":"invalid ip 115.34.252.174, not in whitelist hint: [xqbTmA05173612]"}

[[[ErrorJsonResultException]]]
[2018/5/13 14:05:16]
[线程：6]
    ErrorJsonResultException
    AccessTokenOrAppId：null
    URL：https://api.weixin.qq.com/cgi-bin/token?grant_type=client_credential&appid=wx4673f5bfc87da557&secret=42f119bb1f2cf8e201362d938aa11c9b
    errcode：40164
    errmsg：invalid ip 115.34.252.174, not in whitelist hint: [xqbTmA05173612]

[[[接口调用]]]
[2018/5/13 14:24:31]
[线程：7]
    URL：https://api.weixin.qq.com/cgi-bin/token?grant_type=client_credential&appid=wx4673f5bfc87da557&secret=42f119bb1f2cf8e201362d938aa11c9b
    Result：
{"errcode":40164,"errmsg":"invalid ip 115.34.252.174, not in whitelist hint: [vbC1Ha06731512]"}

[[[ErrorJsonResultException]]]
[2018/5/13 14:24:32]
[线程：7]
    ErrorJsonResultException
    AccessTokenOrAppId：null
    URL：https://api.weixin.qq.com/cgi-bin/token?grant_type=client_credential&appid=wx4673f5bfc87da557&secret=42f119bb1f2cf8e201362d938aa11c9b
    errcode：40164
    errmsg：invalid ip 115.34.252.174, not in whitelist hint: [vbC1Ha06731512]

[[[接口调用]]]
[2018/5/13 15:56:54]
[线程：5]
    URL：https://api.weixin.qq.com/cgi-bin/token?grant_type=client_credential&appid=wx4673f5bfc87da557&secret=42f119bb1f2cf8e201362d938aa11c9b
    Result：
{"errcode":40164,"errmsg":"invalid ip 115.34.252.174, not in whitelist hint: [02163064]"}

[[[ErrorJsonResultException]]]
[2018/5/13 15:56:55]
[线程：5]
    ErrorJsonResultException
    AccessTokenOrAppId：null
    URL：https://api.weixin.qq.com/cgi-bin/token?grant_type=client_credential&appid=wx4673f5bfc87da557&secret=42f119bb1f2cf8e201362d938aa11c9b
    errcode：40164
    errmsg：invalid ip 115.34.252.174, not in whitelist hint: [02163064]

[[[接口调用]]]
[2018/5/13 15:57:35]
[线程：5]
    URL：https://api.weixin.qq.com/cgi-bin/token?grant_type=client_credential&appid=wx4673f5bfc87da557&secret=42f119bb1f2cf8e201362d938aa11c9b
    Result：
{"errcode":40164,"errmsg":"invalid ip 115.34.252.174, not in whitelist hint: [rGqr602562994]"}

[[[ErrorJsonResultException]]]
[2018/5/13 15:57:36]
[线程：5]
    ErrorJsonResultException
    AccessTokenOrAppId：null
    URL：https://api.weixin.qq.com/cgi-bin/token?grant_type=client_credential&appid=wx4673f5bfc87da557&secret=42f119bb1f2cf8e201362d938aa11c9b
    errcode：40164
    errmsg：invalid ip 115.34.252.174, not in whitelist hint: [rGqr602562994]

[[[接口调用]]]
[2018/5/13 15:59:37]
[线程：5]
    URL：https://api.weixin.qq.com/cgi-bin/token?grant_type=client_credential&appid=wx4673f5bfc87da557&secret=42f119bb1f2cf8e201362d938aa11c9b
    Result：
{"errcode":40164,"errmsg":"invalid ip 115.34.252.174, not in whitelist hint: [OUJS503792994]"}

[[[ErrorJsonResultException]]]
[2018/5/13 15:59:38]
[线程：5]
    ErrorJsonResultException
    AccessTokenOrAppId：null
    URL：https://api.weixin.qq.com/cgi-bin/token?grant_type=client_credential&appid=wx4673f5bfc87da557&secret=42f119bb1f2cf8e201362d938aa11c9b
    errcode：40164
    errmsg：invalid ip 115.34.252.174, not in whitelist hint: [OUJS503792994]

[[[接口调用]]]
[2018/5/13 16:35:28]
[线程：10]
    URL：https://api.weixin.qq.com/cgi-bin/token?grant_type=client_credential&appid=wx4673f5bfc87da557&secret=42f119bb1f2cf8e201362d938aa11c9b
    Result：
{"errcode":40164,"errmsg":"invalid ip 115.34.252.174, not in whitelist hint: [ZEEj80529sha2]"}

[[[ErrorJsonResultException]]]
[2018/5/13 16:35:28]
[线程：10]
    ErrorJsonResultException
    AccessTokenOrAppId：null
    URL：https://api.weixin.qq.com/cgi-bin/token?grant_type=client_credential&appid=wx4673f5bfc87da557&secret=42f119bb1f2cf8e201362d938aa11c9b
    errcode：40164
    errmsg：invalid ip 115.34.252.174, not in whitelist hint: [ZEEj80529sha2]

[[[接口调用]]]
[2018/5/13 16:49:35]
[线程：6]
    URL：https://api.weixin.qq.com/cgi-bin/token?grant_type=client_credential&appid=wx4673f5bfc87da557&secret=42f119bb1f2cf8e201362d938aa11c9b
    Result：
{"errcode":40164,"errmsg":"invalid ip 115.34.252.174, not in whitelist hint: [PvvQka03762994]"}

[[[ErrorJsonResultException]]]
[2018/5/13 16:49:35]
[线程：6]
    ErrorJsonResultException
    AccessTokenOrAppId：null
    URL：https://api.weixin.qq.com/cgi-bin/token?grant_type=client_credential&appid=wx4673f5bfc87da557&secret=42f119bb1f2cf8e201362d938aa11c9b
    errcode：40164
    errmsg：invalid ip 115.34.252.174, not in whitelist hint: [PvvQka03762994]
