
[[[接口调用]]]
[2018/5/8 9:49:38]
[线程：10]
    URL：https://api.weixin.qq.com/cgi-bin/token?grant_type=client_credential&appid=wx4673f5bfc87da557&secret=42f119bb1f2cf8e201362d938aa11c9b
    Result：
{"errcode":40164,"errmsg":"invalid ip 124.65.149.194, not in whitelist hint: [sdcNiA01512790]"}

[[[ErrorJsonResultException]]]
[2018/5/8 9:49:38]
[线程：10]
    ErrorJsonResultException
    AccessTokenOrAppId：null
    URL：https://api.weixin.qq.com/cgi-bin/token?grant_type=client_credential&appid=wx4673f5bfc87da557&secret=42f119bb1f2cf8e201362d938aa11c9b
    errcode：40164
    errmsg：invalid ip 124.65.149.194, not in whitelist hint: [sdcNiA01512790]

[[[接口调用]]]
[2018/5/8 9:51:01]
[线程：16]
    URL：https://api.weixin.qq.com/cgi-bin/token?grant_type=client_credential&appid=wx4673f5bfc87da557&secret=42f119bb1f2cf8e201362d938aa11c9b
    Result：
{"errcode":40164,"errmsg":"invalid ip 124.65.149.194, not in whitelist hint: [aF5uIa02331466]"}

[[[ErrorJsonResultException]]]
[2018/5/8 9:51:01]
[线程：16]
    ErrorJsonResultException
    AccessTokenOrAppId：null
    URL：https://api.weixin.qq.com/cgi-bin/token?grant_type=client_credential&appid=wx4673f5bfc87da557&secret=42f119bb1f2cf8e201362d938aa11c9b
    errcode：40164
    errmsg：invalid ip 124.65.149.194, not in whitelist hint: [aF5uIa02331466]

[[[接口调用]]]
[2018/5/8 9:52:23]
[线程：6]
    URL：https://api.weixin.qq.com/cgi-bin/token?grant_type=client_credential&appid=wx4673f5bfc87da557&secret=42f119bb1f2cf8e201362d938aa11c9b
    Result：
{"errcode":40164,"errmsg":"invalid ip 124.65.149.194, not in whitelist hint: [FznX80316sha2]"}

[[[ErrorJsonResultException]]]
[2018/5/8 9:52:23]
[线程：6]
    ErrorJsonResultException
    AccessTokenOrAppId：null
    URL：https://api.weixin.qq.com/cgi-bin/token?grant_type=client_credential&appid=wx4673f5bfc87da557&secret=42f119bb1f2cf8e201362d938aa11c9b
    errcode：40164
    errmsg：invalid ip 124.65.149.194, not in whitelist hint: [FznX80316sha2]

[[[接口调用]]]
[2018/5/8 11:25:01]
[线程：5]
    URL：https://api.weixin.qq.com/cgi-bin/token?grant_type=client_credential&appid=wx4673f5bfc87da557&secret=42f119bb1f2cf8e201362d938aa11c9b
    Result：
{"errcode":40164,"errmsg":"invalid ip 124.65.149.194, not in whitelist hint: [zOP5oa08733054]"}

[[[ErrorJsonResultException]]]
[2018/5/8 11:25:01]
[线程：5]
    ErrorJsonResultException
    AccessTokenOrAppId：null
    URL：https://api.weixin.qq.com/cgi-bin/token?grant_type=client_credential&appid=wx4673f5bfc87da557&secret=42f119bb1f2cf8e201362d938aa11c9b
    errcode：40164
    errmsg：invalid ip 124.65.149.194, not in whitelist hint: [zOP5oa08733054]

[[[接口调用]]]
[2018/5/8 11:27:20]
[线程：16]
    URL：https://api.weixin.qq.com/cgi-bin/token?grant_type=client_credential&appid=wx4673f5bfc87da557&secret=42f119bb1f2cf8e201362d938aa11c9b
    Result：
{"errcode":40164,"errmsg":"invalid ip 124.65.149.194, not in whitelist hint: [ksyYoa00132994]"}

[[[ErrorJsonResultException]]]
[2018/5/8 11:27:20]
[线程：16]
    ErrorJsonResultException
    AccessTokenOrAppId：null
    URL：https://api.weixin.qq.com/cgi-bin/token?grant_type=client_credential&appid=wx4673f5bfc87da557&secret=42f119bb1f2cf8e201362d938aa11c9b
    errcode：40164
    errmsg：invalid ip 124.65.149.194, not in whitelist hint: [ksyYoa00132994]

[[[接口调用]]]
[2018/5/8 11:31:13]
[线程：11]
    URL：https://api.weixin.qq.com/cgi-bin/token?grant_type=client_credential&appid=wx4673f5bfc87da557&secret=42f119bb1f2cf8e201362d938aa11c9b
    Result：
{"errcode":40164,"errmsg":"invalid ip 124.65.149.194, not in whitelist hint: [SfIvJA02452974]"}

[[[ErrorJsonResultException]]]
[2018/5/8 11:31:13]
[线程：11]
    ErrorJsonResultException
    AccessTokenOrAppId：null
    URL：https://api.weixin.qq.com/cgi-bin/token?grant_type=client_credential&appid=wx4673f5bfc87da557&secret=42f119bb1f2cf8e201362d938aa11c9b
    errcode：40164
    errmsg：invalid ip 124.65.149.194, not in whitelist hint: [SfIvJA02452974]
